INFO:root:Resampled sp.tif
INFO:root:Start Time: Thursday, December 16, 2021 11:33:40 PM
ERROR 999999: Something unexpected caused the tool to fail. Contact Esri Technical Support (http://esriurl.com/support) to Report a Bug, and refer to the error help for potential solutions or workarounds.
Unspecified error  [IRasterEdit::Write()]
Failed to open raster dataset [Failed to open raster dataset: C:\Users\xrnogueira\Documents\Data\usa_rasters_0p001/swvl1.tif: No such file or directory]
Failed to execute (Resample).
Failed at Thursday, December 16, 2021 11:53:38 PM (Elapsed Time: 19 minutes 57 seconds)
INFO:root:ERROR, skipped swvl1.tif
INFO:root:Start Time: Thursday, December 16, 2021 11:53:41 PM
ERROR 999999: Something unexpected caused the tool to fail. Contact Esri Technical Support (http://esriurl.com/support) to Report a Bug, and refer to the error help for potential solutions or workarounds.
Unspecified error  [IRasterEdit::Write()]
Failed to open raster dataset [Failed to open raster dataset: C:\Users\xrnogueira\Documents\Data\usa_rasters_0p001/t2m.tif: No such file or directory]
Failed to execute (Resample).
Failed at Thursday, December 16, 2021 11:53:43 PM (Elapsed Time: 2.07 seconds)
INFO:root:ERROR, skipped t2m.tif
INFO:root:Resampled tp.tif
INFO:root:Start Time: Friday, December 17, 2021 12:07:18 AM
ERROR 999999: Something unexpected caused the tool to fail. Contact Esri Technical Support (http://esriurl.com/support) to Report a Bug, and refer to the error help for potential solutions or workarounds.
Unspecified error  [IRasterEdit::Write()]
Failed to open raster dataset [Failed to open raster dataset: C:\Users\xrnogueira\Documents\Data\usa_rasters_0p001/u10.tif: No such file or directory]
Failed to execute (Resample).
Failed at Friday, December 17, 2021 12:11:31 AM (Elapsed Time: 4 minutes 13 seconds)
INFO:root:ERROR, skipped u10.tif
INFO:root:Start Time: Friday, December 17, 2021 12:11:33 AM
ERROR 999999: Something unexpected caused the tool to fail. Contact Esri Technical Support (http://esriurl.com/support) to Report a Bug, and refer to the error help for potential solutions or workarounds.
Unspecified error  [IRasterEdit::Write()]
Failed to open raster dataset [Failed to open raster dataset: C:\Users\xrnogueira\Documents\Data\usa_rasters_0p001/v10.tif: No such file or directory]
Failed to execute (Resample).
Failed at Friday, December 17, 2021 12:11:46 AM (Elapsed Time: 13.40 seconds)
INFO:root:ERROR, skipped v10.tif
